C51 COMPILER V9.54   IO                                                                    07/22/2021 23:51:18 PAGE 1   


C51 COMPILER V9.54, COMPILATION OF MODULE IO
OBJECT MODULE PLACED IN .\Objects\io.obj
COMPILER INVOKED BY: G:\keil_v5cm\C51\BIN\C51.EXE Workspace\Code\io.c OPTIMIZE(8,SPEED) BROWSE INCDIR(.\Workspace;.\Work
                    -space\Include) DEBUG OBJECTEXTEND PRINT(.\Listings\io.lst) TABS(2) OBJECT(.\Objects\io.obj)

line level    source

   1          #include "io.h"
   2          
   3          void IoBuild(GPIOX_TypeDef Gpio_gp, GPIOPINX_TypeDef Gpio_pin, GPIO_InitTypeDef Gpio_init)
   4          {
   5   1        switch(Gpio_gp){
   6   2        
   7   2          case P_0 :  
   8   2            
   9   2          //模式
  10   2          P0M0 = (Gpio_init.gpio_mode & 0x01) << Gpio_pin;
  11   2          P0M1 = ((Gpio_init.gpio_mode & 0x02) >> 1) << Gpio_pin;
  12   2          
  13   2          //上拉
  14   2          P0PU = Gpio_init.gpio_pxpu << Gpio_pin;
  15   2          
  16   2          //施密特触发
  17   2          P0NCS = Gpio_init.gpio_pxncs  << Gpio_pin;
  18   2          
  19   2          //电平转换速度
  20   2          P0SR = Gpio_init.gpio_pxsr << Gpio_pin;
  21   2          
  22   2          //驱动电流
  23   2          P0DR = Gpio_init.gpio_pxdr  << Gpio_pin;    
  24   2      
  25   2          //数字信号输入
  26   2          P0IE = Gpio_init.gpio_pxie  << Gpio_pin;  
  27   2          break;
  28   2      
  29   2          case P_1 :
  30   2          //模式  
  31   2          P1M0 = (Gpio_init.gpio_mode & 0x01) << Gpio_pin;
  32   2          P1M1 = ((Gpio_init.gpio_mode & 0x02) >> 1) << Gpio_pin;
  33   2          
  34   2          //上拉
  35   2          P1PU = Gpio_init.gpio_pxpu  << Gpio_pin;
  36   2          
  37   2          //施密特触发
  38   2          P1NCS = Gpio_init.gpio_pxncs  << Gpio_pin;
  39   2          
  40   2          //电平转换速度
  41   2          P1SR = Gpio_init.gpio_pxsr << Gpio_pin;
  42   2          
  43   2          //驱动电流
  44   2          P1DR = Gpio_init.gpio_pxdr  << Gpio_pin;    
  45   2      
  46   2          //数字信号输入
  47   2          P1IE = Gpio_init.gpio_pxie  << Gpio_pin;  
  48   2          break;
  49   2        
  50   2          case P_2 :
  51   2          //模式
  52   2          P2M0 = (Gpio_init.gpio_mode & 0x01) << Gpio_pin;
  53   2          P2M1 = ((Gpio_init.gpio_mode & 0x02) >> 1) << Gpio_pin;
  54   2      
C51 COMPILER V9.54   IO                                                                    07/22/2021 23:51:18 PAGE 2   

  55   2          //上拉
  56   2          P2PU = Gpio_init.gpio_pxpu << Gpio_pin;
  57   2          
  58   2          //施密特触发
  59   2          P2NCS = Gpio_init.gpio_pxncs  << Gpio_pin;
  60   2          
  61   2          //电平转换速度
  62   2          P2SR = Gpio_init.gpio_pxsr << Gpio_pin;
  63   2          
  64   2          //驱动电流
  65   2          P2DR = Gpio_init.gpio_pxdr  << Gpio_pin;    
  66   2      
  67   2          //数字信号输入
  68   2          P2IE = Gpio_init.gpio_pxie  << Gpio_pin;  
  69   2          break;
  70   2        
  71   2          case P_3 :
  72   2          //模式
  73   2          P3M0 = (Gpio_init.gpio_mode & 0x01) << Gpio_pin;
  74   2          P3M1 = ((Gpio_init.gpio_mode & 0x02) >> 1) << Gpio_pin;
  75   2          
  76   2          //上拉
  77   2          P3PU = Gpio_init.gpio_pxpu << Gpio_pin;
  78   2          
  79   2          //施密特触发
  80   2          P3NCS = Gpio_init.gpio_pxncs  << Gpio_pin;
  81   2          
  82   2          //电平转换速度
  83   2          P3SR = Gpio_init.gpio_pxsr << Gpio_pin;
  84   2          
  85   2          //驱动电流
  86   2          P3DR = Gpio_init.gpio_pxdr  << Gpio_pin;    
  87   2      
  88   2          //数字信号输入
  89   2          P3IE = Gpio_init.gpio_pxie  << Gpio_pin;  
  90   2          break;
  91   2        
  92   2          case P_4 :
  93   2          //模式
  94   2          P4M0 = (Gpio_init.gpio_mode & 0x01) << Gpio_pin;
  95   2          P4M1 = ((Gpio_init.gpio_mode & 0x02) >> 1) << Gpio_pin;
  96   2          
  97   2          //上拉
  98   2          P4PU = Gpio_init.gpio_pxpu << Gpio_pin;
  99   2          
 100   2          //施密特触发
 101   2          P4NCS = Gpio_init.gpio_pxncs  << Gpio_pin;
 102   2          
 103   2          //电平转换速度
 104   2          P4SR = Gpio_init.gpio_pxsr << Gpio_pin;
 105   2          
 106   2          //驱动电流
 107   2          P4DR = Gpio_init.gpio_pxdr  << Gpio_pin;    
 108   2      
 109   2          //数字信号输入
 110   2          P4IE = Gpio_init.gpio_pxie  << Gpio_pin;  
 111   2          break;
 112   2        
 113   2          case P_5 :
 114   2          //模式
 115   2          P5M0 = (Gpio_init.gpio_mode & 0x01) << Gpio_pin;
 116   2          P5M1 = ((Gpio_init.gpio_mode & 0x02) >> 1) << Gpio_pin; 
C51 COMPILER V9.54   IO                                                                    07/22/2021 23:51:18 PAGE 3   

 117   2      
 118   2          //上拉
 119   2          P5PU = Gpio_init.gpio_pxpu << Gpio_pin; 
 120   2          
 121   2          //施密特触发
 122   2          P5NCS = Gpio_init.gpio_pxncs  << Gpio_pin;
 123   2          
 124   2          //电平转换速度
 125   2          P5SR = Gpio_init.gpio_pxsr << Gpio_pin;
 126   2          
 127   2          //驱动电流
 128   2          P5DR = Gpio_init.gpio_pxdr  << Gpio_pin;    
 129   2      
 130   2          //数字信号输入
 131   2          P5IE = Gpio_init.gpio_pxie  << Gpio_pin;  
 132   2          break;  
 133   2        }
 134   1      }


MODULE INFORMATION:   STATIC OVERLAYABLE
   CODE SIZE        =    700    ----
   CONSTANT SIZE    =   ----    ----
   XDATA SIZE       =   ----    ----
   PDATA SIZE       =   ----    ----
   DATA SIZE        =   ----       8
   IDATA SIZE       =   ----    ----
   BIT SIZE         =   ----    ----
END OF MODULE INFORMATION.


C51 COMPILATION COMPLETE.  0 WARNING(S),  0 ERROR(S)
