C51 COMPILER V9.54   MIAN                                                                  07/25/2021 22:57:46 PAGE 1   


C51 COMPILER V9.54, COMPILATION OF MODULE MIAN
OBJECT MODULE PLACED IN .\Objects\mian.obj
COMPILER INVOKED BY: G:\keil_v5cm\C51\BIN\C51.EXE Workspace\Code\mian.c OPTIMIZE(8,SPEED) BROWSE INCDIR(.\Workspace;.\Wo
                    -rkspace\Include) DEBUG OBJECTEXTEND PRINT(.\Listings\mian.lst) TABS(2) OBJECT(.\Objects\mian.obj)

line level    source

   1          #include "stc8g.h"
   2          #include "oled.h"
   3          #include <math.h>
   4          #include "stdio.h"
   5          #include "INA219.H"
   6          #include "time.h"
   7          
   8          
   9          void main(void)
  10          {
  11   1        char buff[10] = {0};
  12   1        int ll=0;
  13   1        float value = 0.0f;
  14   1        OLED_Init();//初始化OLED 
  15   1        OLED_ColorTurn(0);//0正常显示，1 反色显示
  16   1        OLED_DisplayTurn(0);//0正常显示 1 屏幕翻转显示  123
  17   1        INA219_GpioInit();
  18   1        INA219_SendByte(INA219_Configuration_Register_Value,INA219_Write_Slave_Address,INA219_Configuration_Regis
             -ter); //模式配置寄存器
  19   1        INA219_SendByte(INA219_Calibration_Register_Value,INA219_Write_Slave_Address,INA219_Calibration_Register)
             -;    //基准值寄存器
  20   1        time_init();
  21   1        while(1) 
  22   1        {   
  23   2          
  24   2          ll = INA219_ReceiveByte(INA219_Read_Slave_Address, INA219_Bus_voltage_Register);
  25   2          value = (ll >> 3) * Bus_Voltage_LSB;
  26   2          
  27   2          sprintf(buff,"%.3fV  ",value);
  28   2          OLED_ShowString(0,0,buff,16);
  29   2          
  30   2          ll = 0,value = 0.0;
  31   2          INA219_SendByte(INA219_Configuration_Register_Value,INA219_Write_Slave_Address,INA219_Configuration_Regi
             -ster); //模式配置寄存器
  32   2          ll = INA219_ReceiveByte(INA219_Read_Slave_Address, INA219_Current_Register);
  33   2          ll = fabs(ll);
  34   2          value = ll  * Bus_Current_LSB;
  35   2          sprintf(buff,"%.3fA  ",value);
  36   2          OLED_ShowString(0,2,buff,16); 
  37   2          
  38   2          ll = 0,value = 0.0;
  39   2          ll = INA219_ReceiveByte(INA219_Read_Slave_Address, INA219_Power_Register);
  40   2          value = ll  * Bus_Power_LSB;
  41   2          
  42   2          sprintf(buff,"%.2fW   ",value);
  43   2          OLED_ShowString(69,2,buff,8);
  44   2          
  45   2          ll = 0,value = 0.0;
  46   2          sprintf(buff,"%02.d:%02.d:%02.d",hour,minute,second);
  47   2          OLED_ShowString(69,3,buff,8);
  48   2          
  49   2          delay_ms(500);
  50   2          
  51   2      
C51 COMPILER V9.54   MIAN                                                                  07/25/2021 22:57:46 PAGE 2   

  52   2      //  OLED_Clear();
  53   2        }   
  54   1      
  55   1        
  56   1        
  57   1        
  58   1        
  59   1        
  60   1        
  61   1        
  62   1        
  63   1      //  u8 t=' ';
  64   1      //  OLED_Init();//初始化OLED 
  65   1      //  OLED_ColorTurn(0);//0正常显示，1 反色显示
  66   1      //  OLED_DisplayTurn(0);//0正常显示 1 屏幕翻转显示  
  67   1      //  while(1) 
  68   1      //  {   
  69   1      
  70   1      //    delay_ms(500);
  71   1      //    OLED_Clear();
  72   1      //    OLED_ShowChinese(0,0,0,16);//中
  73   1      //    OLED_ShowChinese(18,0,1,16);//景
  74   1      //    OLED_ShowChinese(36,0,2,16);//园
  75   1      //    OLED_ShowChinese(54,0,3,16);//电
  76   1      //    OLED_ShowChinese(72,0,4,16);//子
  77   1      //    OLED_ShowChinese(90,0,5,16);//科
  78   1      //    OLED_ShowChinese(108,0,6,16);//技
  79   1      //    OLED_ShowString(8,2,"ZHONGJINGYUAN",16);
  80   1      //    delay_ms(500);
  81   1      //    OLED_Clear();
  82   1      //    OLED_ShowString(20,0,"2014/05/01",16);
  83   1      //    OLED_ShowString(0,2,"ASCII:",16);  
  84   1      //    OLED_ShowString(63,2,"CODE:",16);
  85   1      //    OLED_ShowChar(48,2,t,16);//显示ASCII字符     
  86   1      //    t++;
  87   1      //    if(t>'~')t=' ';
  88   1      //    OLED_ShowNum(103,2,t,3,16);
  89   1      //    delay_ms(500);
  90   1      //    OLED_Clear();
  91   1      //  }   
  92   1      
  93   1      }


MODULE INFORMATION:   STATIC OVERLAYABLE
   CODE SIZE        =    451    ----
   CONSTANT SIZE    =     53    ----
   XDATA SIZE       =   ----    ----
   PDATA SIZE       =   ----    ----
   DATA SIZE        =   ----      16
   IDATA SIZE       =   ----    ----
   BIT SIZE         =   ----    ----
END OF MODULE INFORMATION.


C51 COMPILATION COMPLETE.  0 WARNING(S),  0 ERROR(S)
